-------------------------------------------------------------------------------
Test set: BankAccountTest
-------------------------------------------------------------------------------
Tests run: 16, Failures: 1, Errors: 0, Skipped: 0, Time elapsed: 0.025 s <<< FAILURE! - in BankAccountTest
testScheduleTransactionZeroDaysException  Time elapsed: 0.004 s  <<< FAILURE!
org.opentest4j.AssertionFailedError: Expected java.lang.IllegalArgumentException to be thrown, but nothing was thrown.
	at BankAccountTest.testScheduleTransactionZeroDaysException(BankAccountTest.java:152)

