<?xml version="1.0" encoding="UTF-8"?>
<testsuite xmlns:xsi="http://www.w3.org/2001/XMLSchema-instance" xsi:noNamespaceSchemaLocation="https://maven.apache.org/surefire/maven-surefire-plugin/xsd/surefire-test-report.xsd" name="BankAccountTest" time="0.025" tests="16" errors="0" skipped="0" failures="1">
  <properties>
[...]
</properties>
  <testcase name="testInitialBalanceNegative" classname="BankAccountTest" time="0.009"/>
  <testcase name="testScheduleTransactionValidDays" classname="BankAccountTest" time="0.003"/>
  <testcase name="testDepositNonPositiveAmount" classname="BankAccountTest" time="0"/>
  <testcase name="testWithdrawInsufficientFunds" classname="BankAccountTest" time="0.001"/>
  <testcase name="testWithdrawExceedsBalanceMinusOverdraftLimit" classname="BankAccountTest" time="0"/>
  <testcase name="testTransactionHistoryMutability" classname="BankAccountTest" time="0"/>
  <testcase name="testScheduleTransactionZeroDaysException" classname="BankAccountTest" time="0.004">
    <failure message="Expected java.lang.IllegalArgumentException to be thrown, but nothing was thrown." type="org.opentest4j.AssertionFailedError">org.opentest4j.AssertionFailedError: Expected java.lang.IllegalArgumentException to be thrown, but nothing was thrown.
	at BankAccountTest.testScheduleTransactionZeroDaysException(BankAccountTest.java:152)
</failure>
  </testcase>
  <testcase name="testApplyAnnualInterestPositiveRate" classname="BankAccountTest" time="0"/>
  <testcase name="testWithdraw" classname="BankAccountTest" time="0"/>
  <testcase name="testInitialBalance" classname="BankAccountTest" time="0"/>
  <testcase name="testGetTransactionHistory" classname="BankAccountTest" time="0"/>
  <testcase name="testDeposit" classname="BankAccountTest" time="0.001"/>
  <testcase name="testApplyAnnualInterestNonPositiveRate" classname="BankAccountTest" time="0"/>
  <testcase name="testExecuteBatchTransactions" classname="BankAccountTest" time="0.001"/>
  <testcase name="testScheduleTransactionNegativeDays" classname="BankAccountTest" time="0"/>
  <testcase name="testWithdrawNonPositiveAmount" classname="BankAccountTest" time="0.001"/>
</testsuite>